<?xml version="1.0" encoding="UTF-8"?>
<!-- Generated by org.testng.reporters.JUnitReportReporter -->
<testsuite hostname="LAP0002687" failures="0" tests="1" name="example1.testcase1" time="0.010" errors="0" timestamp="2022-01-22T18:03:11 IST" skipped="0">
  <testcase classname="example1.testcase1" name="testcase1" time="0.010"/>
  <system-out/>
</testsuite> <!-- example1.testcase1 -->
